{"D:\\Health\\src\\utils\\performance-monitoring.ts": {"path":"D:\\Health\\src\\utils\\performance-monitoring.ts","statementMap":{"0":{"start":{"line":11,"column":4},"end":{"line":11,"column":29}},"1":{"start":{"line":15,"column":22},"end":{"line":15,"column":38}},"2":{"start":{"line":16,"column":24},"end":{"line":16,"column":54}},"3":{"start":{"line":18,"column":4},"end":{"line":41,"column":null}},"4":{"start":{"line":19,"column":21},"end":{"line":19,"column":51}},"5":{"start":{"line":20,"column":37},"end":{"line":20,"column":62}},"6":{"start":{"line":21,"column":23},"end":{"line":21,"column":61}},"7":{"start":{"line":22,"column":25},"end":{"line":22,"column":69}},"8":{"start":{"line":24,"column":6},"end":{"line":30,"column":9}},"9":{"start":{"line":32,"column":6},"end":{"line":32,"column":20}},"10":{"start":{"line":34,"column":6},"end":{"line":38,"column":9}},"11":{"start":{"line":39,"column":6},"end":{"line":39,"column":48}},"12":{"start":{"line":40,"column":6},"end":{"line":40,"column":25}},"13":{"start":{"line":45,"column":4},"end":{"line":48,"column":8}},"14":{"start":{"line":45,"column":69},"end":{"line":48,"column":6}},"15":{"start":{"line":7,"column":0},"end":{"line":7,"column":13}}},"fnMap":{"0":{"name":"(anonymous_0)","decl":{"start":{"line":10,"column":2},"end":{"line":10,"column":null}},"loc":{"start":{"line":10,"column":2},"end":{"line":12,"column":3}}},"1":{"name":"(anonymous_1)","decl":{"start":{"line":14,"column":2},"end":{"line":14,"column":7}},"loc":{"start":{"line":14,"column":67},"end":{"line":42,"column":3}}},"2":{"name":"(anonymous_2)","decl":{"start":{"line":44,"column":2},"end":{"line":44,"column":7}},"loc":{"start":{"line":44,"column":21},"end":{"line":49,"column":3}}},"3":{"name":"(anonymous_3)","decl":{"start":{"line":45,"column":50},"end":{"line":45,"column":51}},"loc":{"start":{"line":45,"column":69},"end":{"line":48,"column":6}}}},"branchMap":{"0":{"loc":{"start":{"line":14,"column":38},"end":{"line":14,"column":47}},"type":"default-arg","locations":[{"start":{"line":14,"column":45},"end":{"line":14,"column":47}}]},"1":{"loc":{"start":{"line":35,"column":15},"end":{"line":35,"column":69}},"type":"cond-expr","locations":[{"start":{"line":35,"column":40},"end":{"line":35,"column":53}},{"start":{"line":35,"column":56},"end":{"line":35,"column":69}}]}},"s":{"0":1,"1":0,"2":0,"3":0,"4":0,"5":0,"6":0,"7":0,"8":0,"9":0,"10":0,"11":0,"12":0,"13":0,"14":0,"15":1},"f":{"0":1,"1":0,"2":0,"3":0},"b":{"0":[0],"1":[0,0]}}
}
